The system is: Linux - 4.4.0-59-generic - x86_64
Compiling the C compiler identification source file "CMakeCCompilerId.c" succeeded.
Compiler: /usr/bin/cc 
Build flags: 
Id flags: -c

The output was:
0


Compilation of the C compiler identification source "CMakeCCompilerId.c" produced "CMakeCCompilerId.o"

The C compiler identification is Clang, found in "/run/user/1000/gvfs/sftp:host=10.7.100.91,user=pi/home/pi/opencv/tests/cmake-build-debug/CMakeFiles/3.6.3/CompilerIdC/CMakeCCompilerId.o"

Compiling the CXX compiler identification source file "CMakeCXXCompilerId.cpp" succeeded.
Compiler: /usr/bin/c++ 
Build flags: 
Id flags: -c

The output was:
0


Compilation of the CXX compiler identification source "CMakeCXXCompilerId.cpp" produced "CMakeCXXCompilerId.o"

The CXX compiler identification is Clang, found in "/run/user/1000/gvfs/sftp:host=10.7.100.91,user=pi/home/pi/opencv/tests/cmake-build-debug/CMakeFiles/3.6.3/CompilerIdCXX/CMakeCXXCompilerId.o"

Compiling the C compiler identification source file "CMakeCCompilerId.c" succeeded.
Compiler: /usr/bin/cc 
Build flags: 
Id flags: -c

The output was:
0


Compilation of the C compiler identification source "CMakeCCompilerId.c" produced "CMakeCCompilerId.o"

The C compiler identification is Clang, found in "/run/user/1000/gvfs/sftp:host=10.7.100.91,user=pi/home/pi/opencv/tests/cmake-build-debug/CMakeFiles/3.6.3/CompilerIdC/CMakeCCompilerId.o"

Compiling the CXX compiler identification source file "CMakeCXXCompilerId.cpp" succeeded.
Compiler: /usr/bin/c++ 
Build flags: 
Id flags: -c

The output was:
0


Compilation of the CXX compiler identification source "CMakeCXXCompilerId.cpp" produced "CMakeCXXCompilerId.o"

The CXX compiler identification is Clang, found in "/run/user/1000/gvfs/sftp:host=10.7.100.91,user=pi/home/pi/opencv/tests/cmake-build-debug/CMakeFiles/3.6.3/CompilerIdCXX/CMakeCXXCompilerId.o"

